<?xml version="1.0" encoding="UTF-8"?>
<testng-results ignored="0" total="0" passed="0" failed="0" skipped="0">
  <reporter-output>
  </reporter-output>
  <suite started-at="2021-05-04T17:13:37 IST" name="Ocusell.DemoMavenOcusell.RunCucumberTest" finished-at="2021-05-04T17:13:37 IST" duration-ms="108">
    <groups>
    </groups>
    <test started-at="2021-05-04T17:13:37 IST" name="Command line test 62fc2626-ecce-420f-bbe2-751412cf9212" finished-at="2021-05-04T17:13:37 IST" duration-ms="108">
    </test> <!-- Command line test 62fc2626-ecce-420f-bbe2-751412cf9212 -->
  </suite> <!-- Ocusell.DemoMavenOcusell.RunCucumberTest -->
</testng-results>
